
===============Saturation Functions Diagnostics===============

System:  Black-oil system.
Relative permeability input format: Saturation Family I.
Number of saturation regions: 1

======================================================= PRODUCTION REPORT =======================================================
:  WELL  :  LOCATION :CTRL:    OIL    :   WATER   :    GAS    :   FLUID   :   WATER   : GAS/OIL  :  WAT/GAS   : BHP OR : THP OR :
:  NAME  :  (I,J,K)  :MODE:    RATE   :   RATE    :    RATE   :  RES.VOL. :    CUT    :  RATIO   :   RATIO    : CON.PR.: BLK.PR.:
:        :           :    :  STB/DAY  :  STB/DAY  :  MSCF/DAY :  RB/DAY   :           : MSCF/STB :  STB/MSCF  :  PSIA  :  PSIA  :
=================================================================================================================================

:   FIELD:           :    :        0.0:        0.0:        0.0:        0.0:      0.000:      0.00:        -nan:        :        : 
:--------:-----------:----:-----------:-----------:-----------:-----------:-----------:----------:------------:--------:--------:

:       G:           :    :    35841.1:       48.0:    51302.7:    41275.5:      0.001:      1.43:      0.0009:        :        : 
:--------:-----------:----:-----------:-----------:-----------:-----------:-----------:----------:------------:--------:--------:

:  PRODU2:    5,    1:ORAT:     1500.0:       -0.0:     2136.6:     1697.4:     -0.000:      1.42:     -0.0000:  2703.5:     0.0: 
:--------:-----------:----:-----------:-----------:-----------:-----------:-----------:----------:------------:--------:--------:

:  PRODU3:    8,    2:ORAT:     1500.0:        0.0:     2021.0:     1658.3:      0.000:      1.35:      0.0000:  2811.3:     0.0: 
:--------:-----------:----:-----------:-----------:-----------:-----------:-----------:----------:------------:--------:--------:

:  PRODU4:   11,    3:ORAT:     1500.0:        0.1:     2009.3:     1657.2:      0.000:      1.34:      0.0000:  3187.2:     0.0: 
:--------:-----------:----:-----------:-----------:-----------:-----------:-----------:----------:------------:--------:--------:

:  PRODU5:   10,    4:ORAT:     1500.0:        0.0:     2013.6:     1657.6:      0.000:      1.34:      0.0000:  2997.2:     0.0: 
:--------:-----------:----:-----------:-----------:-----------:-----------:-----------:----------:------------:--------:--------:

:  PRODU6:   12,    5:ORAT:     1500.0:        0.1:     2019.4:     1658.3:      0.000:      1.35:      0.0001:  2531.0:     0.0: 
:--------:-----------:----:-----------:-----------:-----------:-----------:-----------:----------:------------:--------:--------:

:  PRODU7:    4,    6:ORAT:     1500.0:       -0.0:     2016.8:     1657.9:     -0.000:      1.34:     -0.0000:  3084.1:     0.0: 
:--------:-----------:----:-----------:-----------:-----------:-----------:-----------:----------:------------:--------:--------:

:  PRODU8:    8,    7:ORAT:     1500.0:        0.0:     2014.3:     1657.7:      0.000:      1.34:      0.0000:  3199.5:     0.0: 
:--------:-----------:----:-----------:-----------:-----------:-----------:-----------:----------:------------:--------:--------:

: PRODU10:   11,    9:ORAT:     1500.0:        0.0:     2030.8:     1659.4:      0.000:      1.35:      0.0000:  3204.0:     0.0: 
:--------:-----------:----:-----------:-----------:-----------:-----------:-----------:----------:------------:--------:--------:

: PRODU14:    8,   13:ORAT:     1500.0:        0.0:     2009.9:     1657.2:      0.000:      1.34:      0.0000:  3305.0:     0.0: 
:--------:-----------:----:-----------:-----------:-----------:-----------:-----------:----------:------------:--------:--------:

=================================================== INJECTION REPORT ========================================
:  WELL  :  LOCATION : CTRL : CTRL : CTRL :    OIL    :   WATER   :    GAS    :   FLUID   : BHP OR : THP OR :
:  NAME  :  (I,J,K)  : MODE : MODE : MODE :    RATE   :   RATE    :    RATE   :  RES.VOL. : CON.PR.: BLK.PR.:
:        :           : OIL  : WAT  : GAS  :  STB/DAY  :  STB/DAY  :  MSCF/DAY :  RB/DAY   :  PSIA  :  PSIA  :
==============================================================================================================

:   FIELD:           :      :      :      :        0.0:        0.0:        0.0:        0.0:        :        : 
:--------:-----------:------:------:------:------------:----------:-----------:-----------:--------:--------: 

:       G:           :      :      :      :        0.0:     5000.0:        0.0:        0.0:        :        : 
:--------:-----------:------:------:------:------------:----------:-----------:-----------:--------:--------: 

=================================================== CUMULATIVE PRODUCTION/INJECTION REPORT =========================================
:  WELL  :  LOCATION :  WELL  :CTRL:    OIL    :   WATER   :    GAS    :   Prod    :    OIL    :   WATER   :    GAS    :   INJ     :
:  NAME  :  (I,J,K)  :  TYPE  :MODE:    PROD   :   PROD    :    PROD   :  RES.VOL. :    INJ    :   INJ     :    INJ    :  RES.VOL. :
:        :           :        :    :    MSTB   :   MSTB    :    MMSCF  :   MRB     :    MSTB   :   MSTB    :    MMSCF  :   MRB     :
====================================================================================================================================

:   FIELD:           :        :    :        0.0:        0.0:        0.0:        0.0:        0.0:        0.0:        0.0:        0.0: 
:--------:-----------:--------:----:------------:----------:-----------:-----------:------------:----------:-----------:-----------: 

:       G:           :        :    :      273.1:        0.4:      387.7:      312.4:        0.0:       37.7:        0.0:       37.8: 
:--------:-----------:--------:----:------------:----------:-----------:-----------:------------:----------:-----------:-----------: 

:  PRODU2:    5,    1:    PROD:ORAT:       11.3:        0.0:       15.8:       12.7:        0.0:        0.0:        0.0:        0.0: 
:--------:-----------:--------:----:------------:----------:-----------:-----------:------------:----------:-----------:-----------: 

:  PRODU3:    8,    2:    PROD:ORAT:       11.3:        0.0:       15.3:       12.5:        0.0:        0.0:        0.0:        0.0: 
:--------:-----------:--------:----:------------:----------:-----------:-----------:------------:----------:-----------:-----------: 

:  PRODU4:   11,    3:    PROD:ORAT:       11.3:        0.0:       15.2:       12.5:        0.0:        0.0:        0.0:        0.0: 
:--------:-----------:--------:----:------------:----------:-----------:-----------:------------:----------:-----------:-----------: 

:  PRODU5:   10,    4:    PROD:ORAT:       11.3:        0.0:       15.3:       12.5:        0.0:        0.0:        0.0:        0.0: 
:--------:-----------:--------:----:------------:----------:-----------:-----------:------------:----------:-----------:-----------: 

:  PRODU6:   12,    5:    PROD:ORAT:       11.3:        0.0:       15.3:       12.5:        0.0:        0.0:        0.0:        0.0: 
:--------:-----------:--------:----:------------:----------:-----------:-----------:------------:----------:-----------:-----------: 

:  PRODU7:    4,    6:    PROD:ORAT:       11.3:        0.0:       15.3:       12.5:        0.0:        0.0:        0.0:        0.0: 
:--------:-----------:--------:----:------------:----------:-----------:-----------:------------:----------:-----------:-----------: 

:  PRODU8:    8,    7:    PROD:ORAT:       11.3:        0.0:       15.3:       12.5:        0.0:        0.0:        0.0:        0.0: 
:--------:-----------:--------:----:------------:----------:-----------:-----------:------------:----------:-----------:-----------: 

: PRODU10:   11,    9:    PROD:ORAT:       11.3:        0.0:       15.4:       12.5:        0.0:        0.0:        0.0:        0.0: 
:--------:-----------:--------:----:------------:----------:-----------:-----------:------------:----------:-----------:-----------: 

: PRODU14:    8,   13:    PROD:ORAT:       11.3:        0.0:       15.3:       12.5:        0.0:        0.0:        0.0:        0.0: 
:--------:-----------:--------:----:------------:----------:-----------:-----------:------------:----------:-----------:-----------: 

